
> facturacion-setpruebas@2.0.0 start
> concurrently "node scripts/ui-server.js" "npm run dev --prefix ui"

[1] 
[1] > ui@0.0.0 dev
[1] > vite
[1] 
[0] ✅ UI Backend API Server running at http://localhost:3001
[1] 
[1]   VITE v7.3.1  ready in 211 ms
[1] 
[1]   ➜  Local:   http://localhost:5173/
[1]   ➜  Network: use --host to expose
[0] --> [BACKEND] Endpoint POST /api/run-batch invocado!
[0] [SSE Emit] Type: log, Msg: Iniciando tarea task_1772340684229_0...
[0] 🔄 Sincronizando correlativo con repositorio...
[0] ⚠️ Advertencia: No se pudo hacer git pull del correlativo.
[0] Intentando con PK: 1393494136
[0] [SSE Emit] Type: log, Msg: Iniciando tarea task_1772340684229_1...
[0] 🔄 Sincronizando correlativo con repositorio...
[0] ⚠️ Advertencia: No se pudo hacer git pull del correlativo.
[0] Intentando con PK: 1393494136
[0] [SSE Emit] Type: log, Msg: Iniciando tarea task_1772340684229_2...
[0] 🔄 Sincronizando correlativo con repositorio...
[0] ⚠️ Advertencia: No se pudo hacer git pull del correlativo.
[0] Intentando con PK: 1393494136
[0] Respuesta API: unique constraint violated: Table(MtaFacturacionCajaBaseService.FacturacionCajaBaseDatos.entity::Documento), Index(MtaFacturacionCajaBaseService.FacturacionCajaBaseDatos.index::FacturacionCajaUnique_1) with error: unique constraint violation for table CAJA_FACTURACION:MtaFacturacionCajaBaseService.FacturacionCajaBaseDatos.entity::Documento$delta_1$en, constraint='', value='(Dao:registrarDocumento)
[0] Intentando con PK: 1393494137
[0] Respuesta API: unique constraint violated: Table(MtaFacturacionCajaBaseService.FacturacionCajaBaseDatos.entity::Documento), Index(MtaFacturacionCajaBaseService.FacturacionCajaBaseDatos.index::FacturacionCajaUnique_1) with error: unique constraint violation for table CAJA_FACTURACION:MtaFacturacionCajaBaseService.FacturacionCajaBaseDatos.entity::Documento$delta_1$en, constraint='', value='(Dao:registrarDocumento)
[0] Intentando con PK: 1393494137
[0] ÉXITO: Pre-factura 1393494136 creada.
[0] [SSE Emit] Type: log, Msg: Prefactura reservada: 1393494136
[0] ÉXITO: Pre-factura 1393494137 creada.
[0] [SSE Emit] Type: log, Msg: Prefactura reservada: 1393494137
[0] [SSE Emit] Type: log, Msg: 
[0] Running 1 test using 1 worker
[0] 
[0] [SSE Emit] Type: log, Msg: 
[0] 
[0] [SSE Emit] Type: log, Msg: 
[0] Running 1 test using 1 worker
[0] 
[0] [SSE Emit] Type: log, Msg: 
[0] 
[0] [SSE Emit] Type: log, Msg: [1/1] scripts/caso1-boleta.spec.js:13:1 › Facturación Dinámica - Boleta vía undefined
[0] 
[0] Respuesta API: Ya existe código de prefactura 1393494137.
[0] Intentando con PK: 1393494138
[0] [SSE Emit] Type: log, Msg: [1/1] scripts/caso1-boleta.spec.js:13:1 › Facturación Dinámica - Boleta vía undefined
[0] 
[0] ÉXITO: Pre-factura 1393494138 creada.
[0] [SSE Emit] Type: log, Msg: Prefactura reservada: 1393494138
[0] [SSE Emit] Type: log, Msg: scripts/caso1-boleta.spec.js:13:1 › Facturación Dinámica - Boleta vía undefined
[0] ⏳ login: running
[0] 
[0] 
[0] [SSE Emit] Type: log, Msg: 
[0] [SSE Emit] Type: log, Msg: scripts/caso1-boleta.spec.js:13:1 › Facturación Dinámica - Boleta vía undefined
[0] ⏳ login: running
[0] 
[0] 
[0] [SSE Emit] Type: log, Msg: 
[0] Running 1 test using 1 worker
[0] 
[0] [SSE Emit] Type: log, Msg: 
[0] 
[0] [SSE Emit] Type: log, Msg: [1/1] scripts/caso1-boleta.spec.js:13:1 › Facturación Dinámica - Boleta vía undefined
[0] 
[0] [SSE Emit] Type: log, Msg: scripts/caso1-boleta.spec.js:13:1 › Facturación Dinámica - Boleta vía undefined
[0] 
[0] [SSE Emit] Type: log, Msg: ⏳ login: running
[0] 
[0] 
[0] [SSE Emit] Type: log, Msg: ✅ login: ok
[0] 
[0] [SSE Emit] Type: log, Msg: 
[0] ⏳ abrir-facturacion: running
[0] 
[0] 
[0] [SSE Emit] Type: log, Msg: ✅ login: ok
[0] 
[0] ⏳ abrir-facturacion: running
[0] 
[0] 
[0] [SSE Emit] Type: log, Msg: ✅ login: ok
[0] 
[0] [SSE Emit] Type: log, Msg: 
[0] ⏳ abrir-facturacion: running
[0] 
[0] 
[0] [SSE Emit] Type: log, Msg: ✅ abrir-facturacion: ok
[0] 
[0] ⏳ buscar-prefactura: running
[0] 
[0] 
[0] [SSE Emit] Type: log, Msg: ✅ abrir-facturacion: ok
[0] 
[0] 
[0] [SSE Emit] Type: log, Msg: ⏳ buscar-prefactura: running
[0] 
[0] 
[0] [SSE Emit] Type: log, Msg: ✅ abrir-facturacion: ok
[0] 
[0] 
[0] [SSE Emit] Type: log, Msg: ⏳ buscar-prefactura: running
[0] 
[0] 
[0] [SSE Emit] Type: log, Msg: 🔎 Seleccionando Pre-factura 1393494136...
[0] 
[0] 
[0] [SSE Emit] Type: log, Msg: 🔎 Seleccionando Pre-factura 1393494138...
[0] 
[0] [SSE Emit] Type: log, Msg: 
[0] 
[0] [SSE Emit] Type: log, Msg: 🔎 Seleccionando Pre-factura 1393494137...
[0] 
[0] 
[0] [SSE Emit] Type: log, Msg: ✅ Primer item seleccionado
[0] 
[0] ✅ buscar-prefactura: ok
[0] 
[0] 
[0] [SSE Emit] Type: log, Msg: 📸 antes_de_cobrar.png
[0] 
[0] 
[0] [SSE Emit] Type: log, Msg: ⏳ cobro-efectivo: running
[0] 
[0] 💳 Iniciando Cobro en undefined...
[0] 
[0] 💳 Agregando pago: Efectivo por S/ (auto-completado)...
[0] 
[0] 
[0] [SSE Emit] Type: log, Msg: ✅ Seleccionado con: [role="listitem"]:has-text("1393494136")
[0] 
[0] ✅ buscar-prefactura: ok
[0] 
[0] [SSE Emit] Type: log, Msg: 
[0] 
[0] [SSE Emit] Type: log, Msg: ✅ Seleccionado con: [role="listitem"]:has-text("1393494137")
[0] 
[0] [SSE Emit] Type: log, Msg: 
[0] ✅ buscar-prefactura: ok
[0] 
[0] 
[0] [SSE Emit] Type: log, Msg: 📸 modal_efectivo.png
[0] 
[0] [SSE Emit] Type: log, Msg: 
[0] 💰 Confirmando pago en el modal...
[0] 
[0] 
[0] [SSE Emit] Type: log, Msg: 📸 antes_de_cobrar.png
[0] 
[0] 
[0] [SSE Emit] Type: log, Msg: ⏳ cobro-efectivo: running
[0] 
[0] 
[0] [SSE Emit] Type: log, Msg: 💳 Iniciando Cobro en undefined...
[0] 
[0] 💳 Agregando pago: Efectivo por S/ (auto-completado)...
[0] 
[0] 
[0] [SSE Emit] Type: log, Msg: 📸 antes_de_cobrar.png
[0] 
[0] 
[0] [SSE Emit] Type: log, Msg: ⏳ cobro-efectivo: running
[0] 
[0] 💳 Iniciando Cobro en undefined...
[0] 
[0] 💳 Agregando pago: Efectivo por S/ (auto-completado)...
[0] 
[0] 
[0] [SSE Emit] Type: log, Msg: ✅ cobro-efectivo: ok
[0] 
[0] 
[0] [SSE Emit] Type: log, Msg: 📸 modal_efectivo.png
[0] 
[0] 
[0] [SSE Emit] Type: log, Msg: 💰 Confirmando pago en el modal...
[0] 
[0] 
[0] [SSE Emit] Type: log, Msg: 📸 modal_efectivo.png
[0] 
[0] 
[0] [SSE Emit] Type: log, Msg: 💰 Confirmando pago en el modal...
[0] 
[0] 
[0] [SSE Emit] Type: log, Msg: 📸 post_pago.png
[0] 
[0] 
[0] [SSE Emit] Type: log, Msg: ⏳ generar-comprobante: running
[0] 
[0] 📄 Generando comprobante: Boleta...
[0] 
[0] 
[0] [SSE Emit] Type: log, Msg: 
[0] [SSE Emit] Type: log, Msg: ✅ cobro-efectivo: ok
[0] 
[0] 
[0] [SSE Emit] Type: log, Msg: ✅ cobro-efectivo: ok
[0] 
[0] 
[0] [SSE Emit] Type: log, Msg: ✅ Fila seleccionada para emisión: Boleta
[0] 
[0] 
[0] [SSE Emit] Type: log, Msg: 📸 post_pago.png
[0] 
[0] ⏳ generar-comprobante: running
[0] 
[0] 📄 Generando comprobante: Boleta...
[0] 
[0] 
[0] [SSE Emit] Type: log, Msg: 📸 post_pago.png
[0] 
[0] ⏳ generar-comprobante: running
[0] 
[0] 📄 Generando comprobante: Boleta...
[0] 
[0] 
[0] [SSE Emit] Type: log, Msg: ⏳ Esperando respuesta de emisión...
[0] 
[0] 
[0] [SSE Emit] Type: log, Msg: 
[0] [SSE Emit] Type: log, Msg: ✅ Fila seleccionada para emisión: Boleta
[0] 
[0] 
[0] [SSE Emit] Type: log, Msg: ✅ Fila seleccionada para emisión: Boleta
[0] 
[0] 
[0] [SSE Emit] Type: log, Msg: ⏳ Esperando respuesta de emisión...
[0] 
[0] 
[0] [SSE Emit] Type: log, Msg: ⏳ Esperando respuesta de emisión...
[0] 
[0] 
[0] [SSE Emit] Type: log, Msg: 🧹 Cerrando popups y overlays (Fragments)...
[0] 
[0] 
[0] [SSE Emit] Type: log, Msg: 🧹 Cerrando popups y overlays (Fragments)...
[0] 
[0] 
[0] [SSE Emit] Type: log, Msg: 🧹 Cerrando popups y overlays (Fragments)...
[0] 
[0] 
[0] [SSE Emit] Type: log, Msg: 🧹 Limpiando overlays finales...
[0] 
[0] 
[0] [SSE Emit] Type: log, Msg: 🧹 Limpiando overlays finales...
[0] 
[0] 
[0] [SSE Emit] Type: log, Msg: 🧹 Limpiando overlays finales...
[0] 
[0] 
[0] [SSE Emit] Type: log, Msg: ✅ generar-comprobante: ok
[0] 
[0] ⏳ verificar-documentos: running
[0] 
[0] 
[0] [SSE Emit] Type: log, Msg: 📋 Verificando DOCUMENTOS...
[0] 
[0] 
[0] [SSE Emit] Type: log, Msg: ✅ generar-comprobante: ok
[0] 
[0] 
[0] [SSE Emit] Type: log, Msg: ⏳ verificar-documentos: running
[0] 
[0] 📋 Verificando DOCUMENTOS...
[0] 
[0] 
[0] [SSE Emit] Type: log, Msg: ✅ generar-comprobante: ok
[0] 
[0] 
[0] [SSE Emit] Type: log, Msg: ⏳ verificar-documentos: running
[0] 
[0] 📋 Verificando DOCUMENTOS...
[0] 
[0] 
[0] [SSE Emit] Type: log, Msg: [RESULT] Prefactura: 1393494138 | Doc: PRE-FACTURA
[0] 1393494137RUI
[0] 
[0] [SSE Emit] Type: log, Msg: 
[0] ✅ verificar-documentos: ok
[0] 
[0] 
[0] [SSE Emit] Type: log, Msg: 📸 comprobante_emitido.png
[0] 
[0] 
[0] [SSE Emit] Type: log, Msg: 📄 Generando PDF con evidencias (Versión Elegante)...
[0] 
[0] 
[0] [SSE Emit] Type: log, Msg: 
[0] [SSE Emit] Type: log, Msg: [RESULT] Prefactura: 1393494136 | Doc: PRE-FACTURA
[0] 1393494137RUI
[0] 
[0] ✅ verificar-documentos: ok
[0] 
[0] 
[0] [SSE Emit] Type: log, Msg: 
[0] [SSE Emit] Type: log, Msg: [RESULT] Prefactura: 1393494137 | Doc: PRE-FACTURA
[0] 1393494109RUI
[0] 
[0] ✅ verificar-documentos: ok
[0] 
[0] 
[0] [SSE Emit] Type: log, Msg: ✅ PDF Generado (Elegante): /Users/ender/Desktop/Apps/Testing/-seidor-developer-ci-facturacion-setpruebas/evidence/run-2026-03-01-04-task_1772340684229_2/Reporte_Tecnico_1393494138.pdf
[0] 
[0] 
[0] [SSE Emit] Type: log, Msg: 
[0] ==================================================
[0] 
[0] ✅ PRUEBA FINALIZADA: ✅ EXITOSO
[0] 
[0]    Pre-factura : 1393494138
[0] 
[0]    Duración    : 59.24s
[0] 
[0]    Evidencia   : /Users/ender/Desktop/Apps/Testing/-seidor-developer-ci-facturacion-setpruebas/evidence/run-2026-03-01-04-task_1772340684229_2
[0] 
[0] ==================================================
[0] 
[0] 
[0] 
[0] [SSE Emit] Type: log, Msg: 
[0] [SSE Emit] Type: log, Msg:   1 passed (1.0m)
[0] 
[0] [SSE Emit] Type: done, Msg: Finalizado con éxito
[0] [SSE Emit] Type: log, Msg: 📸 comprobante_emitido.png
[0] 
[0] 
[0] [SSE Emit] Type: log, Msg: 📄 Generando PDF con evidencias (Versión Elegante)...
[0] 
[0] 
[0] [SSE Emit] Type: log, Msg: 📸 comprobante_emitido.png
[0] 
[0] 
[0] [SSE Emit] Type: log, Msg: 📄 Generando PDF con evidencias (Versión Elegante)...
[0] 
[0] 
[0] [SSE Emit] Type: log, Msg: ✅ PDF Generado (Elegante): /Users/ender/Desktop/Apps/Testing/-seidor-developer-ci-facturacion-setpruebas/evidence/run-2026-03-01-04-task_1772340684229_1/Reporte_Tecnico_1393494136.pdf
[0] 
[0] 
[0] ==================================================
[0] 
[0] ✅ PRUEBA FINALIZADA: ✅ EXITOSO
[0] 
[0] 
[0] [SSE Emit] Type: log, Msg:    Pre-factura : 1393494136
[0] 
[0]    Duración    : 62.86s
[0] 
[0]    Evidencia   : /Users/ender/Desktop/Apps/Testing/-seidor-developer-ci-facturacion-setpruebas/evidence/run-2026-03-01-04-task_1772340684229_1
[0] 
[0] ==================================================
[0] 
[0] 
[0] 
[0] [SSE Emit] Type: log, Msg: 
[0] [SSE Emit] Type: log, Msg:   1 passed (1.1m)
[0] 
[0] [SSE Emit] Type: done, Msg: Finalizado con éxito
[0] [SSE Emit] Type: log, Msg: ✅ PDF Generado (Elegante): /Users/ender/Desktop/Apps/Testing/-seidor-developer-ci-facturacion-setpruebas/evidence/run-2026-03-01-04-task_1772340684229_0/Reporte_Tecnico_1393494137.pdf
[0] 
[0] [SSE Emit] Type: log, Msg: 
[0] 
[0] ==================================================
[0] 
[0] ✅ PRUEBA FINALIZADA: ✅ EXITOSO
[0] 
[0]    Pre-factura : 1393494137
[0] 
[0]    Duración    : 63.25s
[0] 
[0]    Evidencia   : /Users/ender/Desktop/Apps/Testing/-seidor-developer-ci-facturacion-setpruebas/evidence/run-2026-03-01-04-task_1772340684229_0
[0] 
[0] ==================================================
[0] 
[0] 
[0] 
[0] [SSE Emit] Type: log, Msg: 
[0] [SSE Emit] Type: log, Msg:   1 passed (1.1m)
[0] 
[0] [SSE Emit] Type: done, Msg: Finalizado con éxito
[0] [SSE Emit] Type: pdf_global, Msg: Reporte Global de Lote Listo
[0] [SSE Emit] Type: done, Msg: Todas las tareas del lote han finalizado.
